生成启动时间为 2016/12/8 9:58:43。
     1>项目“E:\work\sanguo_mobile2\frameworks\cocos2d-x\cocos\editor-support\spine\proj.win32\libSpine.vcxproj”在节点 2 上(Build 个目标)。
     1>ClCompile:
         D:\Program Files (x86)\Microsoft Visual Studio 12.0\VC\bin\CL.exe /c /I"E:\work\sanguo_mobile2\frameworks\cocos2d-x\cocos\2d\..\..\\" /I"E:\work\sanguo_mobile2\frameworks\cocos2d-x\cocos\2d\..\..\cocos\audio\include" /I"E:\work\sanguo_mobile2\frameworks\cocos2d-x\cocos\2d\..\..\cocos\editor-support" /I"E:\work\sanguo_mobile2\frameworks\cocos2d-x\cocos\2d\..\..\extensions" /I"E:\work\sanguo_mobile2\frameworks\cocos2d-x\cocos\2d\..\..\cocos\editor-support" /I"E:\work\sanguo_mobile2\frameworks\cocos2d-x\cocos\2d\..\..\cocos" /I"E:\work\sanguo_mobile2\frameworks\cocos2d-x\cocos\2d\..\..\cocos\platform" /I"E:\work\sanguo_mobile2\frameworks\cocos2d-x\cocos\2d\..\..\cocos\platform\desktop" /I"E:\work\sanguo_mobile2\frameworks\cocos2d-x\cocos\2d\..\..\external\glfw3\include\win32" /I"E:\work\sanguo_mobile2\frameworks\cocos2d-x\cocos\2d\..\..\external\win32-specific\gles\include\OGLES" /I"E:\work\sanguo_mobile2\frameworks\cocos2d-x\cocos\2d\..\..\external\freetype2\include\win32\freetype2" /I"E:\work\sanguo_mobile2\frameworks\cocos2d-x\cocos\2d\..\..\external\freetype2\include\win32\\" /I"E:\work\sanguo_mobile2\frameworks\cocos2d-x\cocos\2d\..\..\external" /ZI /nologo /W3 /WX- /MP /Od /Oy- /D WIN32 /D _DEBUG /D _WINDOWS /D _LIB /D COCOS2DXWIN32_EXPORTS /D GL_GLEXT_PROTOTYPES /D COCOS2D_DEBUG=1 /D _CRT_SECURE_NO_WARNINGS /D _SCL_SECURE_NO_WARNINGS /D _VARIADIC_MAX=10 /D _USING_V110_SDK71_ /D _UNICODE /D UNICODE /Gm- /EHsc /RTC1 /MDd /GS /fp:precise /Zc:wchar_t /Zc:forScope /Fo"Debug.win32\\" /Fd"Debug.win32\vc120.pdb" /Gd /TP /wd4267 /wd4251 /wd4244 /analyze- /errorReport:prompt ..\PolygonBatch.cpp ..\SkeletonAnimation.cpp ..\SkeletonRenderer.cpp "..\spine-cocos2dx.cpp"
         PolygonBatch.cpp
         SkeletonAnimation.cpp
         SkeletonRenderer.cpp
         spine-cocos2dx.cpp
     1>e:\work\sanguo_mobile2\frameworks\cocos2d-x\cocos\editor-support\spine\skeletonrenderer.cpp(252): warning C4996: 'cocos2d::DrawPrimitives::setDrawColor4B': 被声明为已否决
                 e:\work\sanguo_mobile2\frameworks\cocos2d-x\cocos\2d\ccdrawingprimitives.h(245) : 参见“cocos2d::DrawPrimitives::setDrawColor4B”的声明
     1>e:\work\sanguo_mobile2\frameworks\cocos2d-x\cocos\editor-support\spine\skeletonrenderer.cpp(265): warning C4996: 'cocos2d::DrawPrimitives::drawPoly': 被声明为已否决
                 e:\work\sanguo_mobile2\frameworks\cocos2d-x\cocos\2d\ccdrawingprimitives.h(142) : 参见“cocos2d::DrawPrimitives::drawPoly”的声明
     1>e:\work\sanguo_mobile2\frameworks\cocos2d-x\cocos\editor-support\spine\skeletonrenderer.cpp(271): warning C4996: 'cocos2d::DrawPrimitives::setDrawColor4B': 被声明为已否决
                 e:\work\sanguo_mobile2\frameworks\cocos2d-x\cocos\2d\ccdrawingprimitives.h(245) : 参见“cocos2d::DrawPrimitives::setDrawColor4B”的声明
     1>e:\work\sanguo_mobile2\frameworks\cocos2d-x\cocos\editor-support\spine\skeletonrenderer.cpp(276): warning C4996: 'cocos2d::DrawPrimitives::drawLine': 被声明为已否决
                 e:\work\sanguo_mobile2\frameworks\cocos2d-x\cocos\2d\ccdrawingprimitives.h(115) : 参见“cocos2d::DrawPrimitives::drawLine”的声明
     1>e:\work\sanguo_mobile2\frameworks\cocos2d-x\cocos\editor-support\spine\skeletonrenderer.cpp(279): warning C4996: 'cocos2d::DrawPrimitives::setPointSize': 被声明为已否决
                 e:\work\sanguo_mobile2\frameworks\cocos2d-x\cocos\2d\ccdrawingprimitives.h(263) : 参见“cocos2d::DrawPrimitives::setPointSize”的声明
     1>e:\work\sanguo_mobile2\frameworks\cocos2d-x\cocos\editor-support\spine\skeletonrenderer.cpp(280): warning C4996: 'cocos2d::DrawPrimitives::setDrawColor4B': 被声明为已否决
                 e:\work\sanguo_mobile2\frameworks\cocos2d-x\cocos\2d\ccdrawingprimitives.h(245) : 参见“cocos2d::DrawPrimitives::setDrawColor4B”的声明
     1>e:\work\sanguo_mobile2\frameworks\cocos2d-x\cocos\editor-support\spine\skeletonrenderer.cpp(283): warning C4996: 'cocos2d::DrawPrimitives::drawPoint': 被声明为已否决
                 e:\work\sanguo_mobile2\frameworks\cocos2d-x\cocos\2d\ccdrawingprimitives.h(100) : 参见“cocos2d::DrawPrimitives::drawPoint”的声明
     1>e:\work\sanguo_mobile2\frameworks\cocos2d-x\cocos\editor-support\spine\skeletonrenderer.cpp(284): warning C4996: 'cocos2d::DrawPrimitives::setDrawColor4B': 被声明为已否决
                 e:\work\sanguo_mobile2\frameworks\cocos2d-x\cocos\2d\ccdrawingprimitives.h(245) : 参见“cocos2d::DrawPrimitives::setDrawColor4B”的声明
       Lib:
         D:\Program Files (x86)\Microsoft Visual Studio 12.0\VC\bin\Lib.exe /OUT:"E:\work\sanguo_mobile2\frameworks\runtime-src\proj.win32\Debug.win32\libSpine.lib" /NOLOGO Debug.win32\Animation.obj
         Debug.win32\AnimationState.obj
         Debug.win32\AnimationStateData.obj
         Debug.win32\Atlas.obj
         Debug.win32\AtlasAttachmentLoader.obj
         Debug.win32\Attachment.obj
         Debug.win32\AttachmentLoader.obj
         Debug.win32\Bone.obj
         Debug.win32\BoneData.obj
         Debug.win32\BoundingBoxAttachment.obj
         Debug.win32\Event.obj
         Debug.win32\EventData.obj
         Debug.win32\extension.obj
         Debug.win32\IkConstraint.obj
         Debug.win32\IkConstraintData.obj
         Debug.win32\Json.obj
         Debug.win32\MeshAttachment.obj
         Debug.win32\PolygonBatch.obj
         Debug.win32\RegionAttachment.obj
         Debug.win32\Skeleton.obj
         Debug.win32\SkeletonAnimation.obj
         Debug.win32\SkeletonBounds.obj
         Debug.win32\SkeletonData.obj
         Debug.win32\SkeletonJson.obj
         Debug.win32\SkeletonRenderer.obj
         Debug.win32\Skin.obj
         Debug.win32\SkinnedMeshAttachment.obj
         Debug.win32\Slot.obj
         Debug.win32\SlotData.obj
         "Debug.win32\spine-cocos2dx.obj"
         libSpine.vcxproj -> E:\work\sanguo_mobile2\frameworks\runtime-src\proj.win32\Debug.win32\libSpine.lib
     1>已完成生成项目“E:\work\sanguo_mobile2\frameworks\cocos2d-x\cocos\editor-support\spine\proj.win32\libSpine.vcxproj”(Build 个目标)的操作。

生成成功。

已用时间 00:00:32.35
